<?xml version="1.0" encoding="UTF-8"?>
<!-- Generated by org.testng.reporters.JUnitReportReporter -->
<testsuite hostname="LAPTOP-OVBCR4D3" failures="0" tests="1" name="ReadDatafromCmdTest" time="0.007" errors="0" timestamp="2022-04-26T12:49:11 IST" skipped="0">
  <testcase classname="ReadDatafromCmdTest" name="readData" time="0.007"/>
  <system-out/>
</testsuite> <!-- ReadDatafromCmdTest -->
